  [1m[36m (115.1ms)[0m  [1mCREATE TABLE "schema_migrations" ("version" varchar NOT NULL) [0m
  [1m[35m (0.2ms)[0m  select sqlite_version(*)
  [1m[36m (98.2ms)[0m  [1mCREATE UNIQUE INDEX "unique_schema_migrations" ON "schema_migrations" ("version")[0m
  [1m[35mActiveRecord::SchemaMigration Load (0.2ms)[0m  SELECT "schema_migrations".* FROM "schema_migrations"
Migrating to CreatePosts (20160827154020)
  [1m[36m (0.1ms)[0m  [1mbegin transaction[0m
  [1m[35m (0.7ms)[0m  CREATE TABLE "posts" ("id" INTEGER PRIMARY KEY AUTOINCREMENT NOT NULL, "title" varchar, "text" text, "created_at" datetime NOT NULL, "updated_at" datetime NOT NULL) 
  [1m[36mSQL (0.2ms)[0m  [1mINSERT INTO "schema_migrations" ("version") VALUES (?)[0m  [["version", "20160827154020"]]
  [1m[35m (103.0ms)[0m  commit transaction
Migrating to CreateComments (20160827154135)
  [1m[36m (0.1ms)[0m  [1mbegin transaction[0m
  [1m[35m (0.5ms)[0m  CREATE TABLE "comments" ("id" INTEGER PRIMARY KEY AUTOINCREMENT NOT NULL, "post_id" integer, "text" text, "created_at" datetime NOT NULL, "updated_at" datetime NOT NULL) 
  [1m[36mSQL (0.2ms)[0m  [1mINSERT INTO "schema_migrations" ("version") VALUES (?)[0m  [["version", "20160827154135"]]
  [1m[35m (73.8ms)[0m  commit transaction
  [1m[36mActiveRecord::SchemaMigration Load (0.2ms)[0m  [1mSELECT "schema_migrations".* FROM "schema_migrations"[0m


Started GET "/" for 127.0.0.1 at 2016-08-27 17:48:32 +0200
  [1m[36mActiveRecord::SchemaMigration Load (0.1ms)[0m  [1mSELECT "schema_migrations".* FROM "schema_migrations"[0m
Processing by Rails::WelcomeController#index as HTML
  Rendered /home/simplon/.rvm/gems/ruby-2.2.4/gems/railties-4.2.6/lib/rails/templates/rails/welcome/index.html.erb (1.4ms)
Completed 200 OK in 72ms (Views: 49.9ms | ActiveRecord: 0.0ms)


Started GET "/" for 127.0.0.1 at 2016-08-27 20:43:24 +0200
  [1m[36mActiveRecord::SchemaMigration Load (0.2ms)[0m  [1mSELECT "schema_migrations".* FROM "schema_migrations"[0m
Processing by Rails::WelcomeController#index as HTML
  Rendered /home/simplon/.rvm/gems/ruby-2.2.4/gems/railties-4.2.6/lib/rails/templates/rails/welcome/index.html.erb (4.9ms)
Completed 200 OK in 47ms (Views: 32.1ms | ActiveRecord: 0.0ms)


Started GET "/posts" for 127.0.0.1 at 2016-08-27 20:47:49 +0200
Processing by PostsController#index as HTML
  [1m[35mPost Load (0.1ms)[0m  SELECT "posts".* FROM "posts"
  Rendered posts/index.html.erb within layouts/application (2.4ms)
Completed 200 OK in 1559ms (Views: 1556.8ms | ActiveRecord: 0.2ms)


Started GET "/assets/posts.self-e3b0c44298fc1c149afbf4c8996fb92427ae41e4649b934ca495991b7852b855.css?body=1" for 127.0.0.1 at 2016-08-27 20:47:51 +0200


Started GET "/assets/application.self-e80e8f2318043e8af94dddc2adad5a4f09739a8ebb323b3ab31cd71d45fd9113.css?body=1" for 127.0.0.1 at 2016-08-27 20:47:51 +0200


Started GET "/assets/jquery_ujs.self-784a997f6726036b1993eb2217c9cb558e1cbb801c6da88105588c56f13b466a.js?body=1" for 127.0.0.1 at 2016-08-27 20:47:51 +0200


Started GET "/assets/turbolinks.self-c5acd7a204f5f25ce7a1d8a0e4d92e28d34c9e2df2c7371cd7af88e147e4ad82.js?body=1" for 127.0.0.1 at 2016-08-27 20:47:51 +0200


Started GET "/assets/jquery.self-bd7ddd393353a8d2480a622e80342adf488fb6006d667e8b42e4c0073393abee.js?body=1" for 127.0.0.1 at 2016-08-27 20:47:51 +0200


Started GET "/assets/scaffolds.self-660b3e176438ef0fc8135b955c9d20d6eeb6ff11115ba4214f3dac7577b30556.css?body=1" for 127.0.0.1 at 2016-08-27 20:47:51 +0200


Started GET "/assets/application.self-3b8dabdc891efe46b9a144b400ad69e37d7e5876bdc39dee783419a69d7ca819.js?body=1" for 127.0.0.1 at 2016-08-27 20:47:51 +0200


Started GET "/assets/posts.self-877aef30ae1b040ab8a3aba4e3e309a11d7f2612f44dde450b5c157aa5f95c05.js?body=1" for 127.0.0.1 at 2016-08-27 20:47:51 +0200


Started GET "/posts/new" for 127.0.0.1 at 2016-08-27 20:47:54 +0200
Processing by PostsController#new as HTML
  Rendered posts/_form.html.erb (271.5ms)
  Rendered posts/new.html.erb within layouts/application (351.0ms)
Completed 200 OK in 397ms (Views: 389.8ms | ActiveRecord: 0.4ms)


Started POST "/posts" for 127.0.0.1 at 2016-08-27 20:48:02 +0200
Processing by PostsController#create as HTML
  Parameters: {"utf8"=>"✓", "authenticity_token"=>"cPMKguvWGS6GMqn1+E2tRHIKNM9mKfx82wfNmtZoYworBfRn9sa6hzDqSl565sapVqMuPGflzJ6zG6H/HY7r0w==", "post"=>{"title"=>"first", "text"=>"eifjiej"}, "commit"=>"Create Post"}
  [1m[36m (0.2ms)[0m  [1mbegin transaction[0m
  [1m[35mSQL (78.9ms)[0m  INSERT INTO "posts" ("title", "text", "created_at", "updated_at") VALUES (?, ?, ?, ?)  [["title", "first"], ["text", "eifjiej"], ["created_at", "2016-08-27 18:48:02.307985"], ["updated_at", "2016-08-27 18:48:02.307985"]]
  [1m[36m (88.4ms)[0m  [1mcommit transaction[0m
Redirected to http://localhost:3000/posts/1
Completed 302 Found in 228ms (ActiveRecord: 167.6ms)


Started GET "/posts/1" for 127.0.0.1 at 2016-08-27 20:48:02 +0200
Processing by PostsController#show as HTML
  Parameters: {"id"=>"1"}
  [1m[35mPost Load (0.2ms)[0m  SELECT  "posts".* FROM "posts" WHERE "posts"."id" = ? LIMIT 1  [["id", 1]]
  Rendered posts/show.html.erb within layouts/application (0.8ms)
Completed 200 OK in 62ms (Views: 29.5ms | ActiveRecord: 0.2ms)


Started GET "/posts" for 127.0.0.1 at 2016-08-27 20:53:45 +0200
Processing by PostsController#index as HTML
  Rendered posts/index.html.erb within layouts/application (68.0ms)
Completed 500 Internal Server Error in 74ms (ActiveRecord: 0.0ms)

ActionView::Template::Error (undefined method `each' for nil:NilClass):
    1: <h1>Welcome</h1>
    2: 
    3: <% @post.each do |post| %>
    4:   <h2><%= post.title %></h2>
    5:   <p>
    6:     <%= truncate post.text %>
  app/views/posts/index.html.erb:3:in `_app_views_posts_index_html_erb___1201086781125395242_69935036521620'


  Rendered /home/simplon/.rvm/gems/ruby-2.2.4/gems/actionpack-4.2.6/lib/action_dispatch/middleware/templates/rescues/_source.erb (16.3ms)
  Rendered /home/simplon/.rvm/gems/ruby-2.2.4/gems/actionpack-4.2.6/lib/action_dispatch/middleware/templates/rescues/_trace.html.erb (2.1ms)
  Rendered /home/simplon/.rvm/gems/ruby-2.2.4/gems/actionpack-4.2.6/lib/action_dispatch/middleware/templates/rescues/_request_and_response.html.erb (1.2ms)
  Rendered /home/simplon/.rvm/gems/ruby-2.2.4/gems/actionpack-4.2.6/lib/action_dispatch/middleware/templates/rescues/template_error.html.erb within rescues/layout (80.4ms)
  Rendered /home/simplon/.rvm/gems/ruby-2.2.4/gems/web-console-2.3.0/lib/web_console/templates/_markup.html.erb (0.7ms)
  Rendered /home/simplon/.rvm/gems/ruby-2.2.4/gems/web-console-2.3.0/lib/web_console/templates/_inner_console_markup.html.erb within layouts/inlined_string (0.3ms)
  Rendered /home/simplon/.rvm/gems/ruby-2.2.4/gems/web-console-2.3.0/lib/web_console/templates/_prompt_box_markup.html.erb within layouts/inlined_string (0.3ms)
  Rendered /home/simplon/.rvm/gems/ruby-2.2.4/gems/web-console-2.3.0/lib/web_console/templates/style.css.erb within layouts/inlined_string (0.5ms)
  Rendered /home/simplon/.rvm/gems/ruby-2.2.4/gems/web-console-2.3.0/lib/web_console/templates/console.js.erb within layouts/javascript (19.9ms)
  Rendered /home/simplon/.rvm/gems/ruby-2.2.4/gems/web-console-2.3.0/lib/web_console/templates/main.js.erb within layouts/javascript (0.4ms)
  Rendered /home/simplon/.rvm/gems/ruby-2.2.4/gems/web-console-2.3.0/lib/web_console/templates/error_page.js.erb within layouts/javascript (0.5ms)
  Rendered /home/simplon/.rvm/gems/ruby-2.2.4/gems/web-console-2.3.0/lib/web_console/templates/index.html.erb (44.7ms)


Started GET "/posts" for 127.0.0.1 at 2016-08-27 20:54:07 +0200
Processing by PostsController#index as HTML
  Rendered posts/index.html.erb within layouts/application (1.8ms)
Completed 500 Internal Server Error in 4ms (ActiveRecord: 0.0ms)

ActionView::Template::Error (undefined method `each' for nil:NilClass):
    1: <h1>Welcome</h1>
    2: 
    3: <% @post.each do |post| %>
    4:   <h2><%= posts.title %></h2>
    5:   <p>
    6:     <%= truncate post.text %>
  app/views/posts/index.html.erb:3:in `_app_views_posts_index_html_erb___1201086781125395242_69935035912640'


  Rendered /home/simplon/.rvm/gems/ruby-2.2.4/gems/actionpack-4.2.6/lib/action_dispatch/middleware/templates/rescues/_source.erb (8.4ms)
  Rendered /home/simplon/.rvm/gems/ruby-2.2.4/gems/actionpack-4.2.6/lib/action_dispatch/middleware/templates/rescues/_trace.html.erb (1.8ms)
  Rendered /home/simplon/.rvm/gems/ruby-2.2.4/gems/actionpack-4.2.6/lib/action_dispatch/middleware/templates/rescues/_request_and_response.html.erb (0.7ms)
  Rendered /home/simplon/.rvm/gems/ruby-2.2.4/gems/actionpack-4.2.6/lib/action_dispatch/middleware/templates/rescues/template_error.html.erb within rescues/layout (23.7ms)
  Rendered /home/simplon/.rvm/gems/ruby-2.2.4/gems/web-console-2.3.0/lib/web_console/templates/_markup.html.erb (0.4ms)
  Rendered /home/simplon/.rvm/gems/ruby-2.2.4/gems/web-console-2.3.0/lib/web_console/templates/_inner_console_markup.html.erb within layouts/inlined_string (0.3ms)
  Rendered /home/simplon/.rvm/gems/ruby-2.2.4/gems/web-console-2.3.0/lib/web_console/templates/_prompt_box_markup.html.erb within layouts/inlined_string (0.5ms)
  Rendered /home/simplon/.rvm/gems/ruby-2.2.4/gems/web-console-2.3.0/lib/web_console/templates/style.css.erb within layouts/inlined_string (0.4ms)
  Rendered /home/simplon/.rvm/gems/ruby-2.2.4/gems/web-console-2.3.0/lib/web_console/templates/console.js.erb within layouts/javascript (19.7ms)
  Rendered /home/simplon/.rvm/gems/ruby-2.2.4/gems/web-console-2.3.0/lib/web_console/templates/main.js.erb within layouts/javascript (0.3ms)
  Rendered /home/simplon/.rvm/gems/ruby-2.2.4/gems/web-console-2.3.0/lib/web_console/templates/error_page.js.erb within layouts/javascript (0.4ms)
  Rendered /home/simplon/.rvm/gems/ruby-2.2.4/gems/web-console-2.3.0/lib/web_console/templates/index.html.erb (37.9ms)


Started GET "/posts" for 127.0.0.1 at 2016-08-27 20:55:03 +0200
Processing by PostsController#index as HTML
  Rendered posts/index.html.erb within layouts/application (1.9ms)
Completed 500 Internal Server Error in 6ms (ActiveRecord: 0.0ms)

ActionView::Template::Error (undefined method `each' for nil:NilClass):
    1: <h1>Welcome</h1>
    2: 
    3: <% @post.each do |post| %>
    4:   <h2><%= post.title %></h2>
    5:   <p>
    6:     <%= truncate post.text %>
  app/views/posts/index.html.erb:3:in `_app_views_posts_index_html_erb___1201086781125395242_69935036741940'


  Rendered /home/simplon/.rvm/gems/ruby-2.2.4/gems/actionpack-4.2.6/lib/action_dispatch/middleware/templates/rescues/_source.erb (5.1ms)
  Rendered /home/simplon/.rvm/gems/ruby-2.2.4/gems/actionpack-4.2.6/lib/action_dispatch/middleware/templates/rescues/_trace.html.erb (2.5ms)
  Rendered /home/simplon/.rvm/gems/ruby-2.2.4/gems/actionpack-4.2.6/lib/action_dispatch/middleware/templates/rescues/_request_and_response.html.erb (0.7ms)
  Rendered /home/simplon/.rvm/gems/ruby-2.2.4/gems/actionpack-4.2.6/lib/action_dispatch/middleware/templates/rescues/template_error.html.erb within rescues/layout (23.0ms)
  Rendered /home/simplon/.rvm/gems/ruby-2.2.4/gems/web-console-2.3.0/lib/web_console/templates/_markup.html.erb (0.3ms)
  Rendered /home/simplon/.rvm/gems/ruby-2.2.4/gems/web-console-2.3.0/lib/web_console/templates/_inner_console_markup.html.erb within layouts/inlined_string (0.7ms)
  Rendered /home/simplon/.rvm/gems/ruby-2.2.4/gems/web-console-2.3.0/lib/web_console/templates/_prompt_box_markup.html.erb within layouts/inlined_string (0.3ms)
  Rendered /home/simplon/.rvm/gems/ruby-2.2.4/gems/web-console-2.3.0/lib/web_console/templates/style.css.erb within layouts/inlined_string (0.4ms)
  Rendered /home/simplon/.rvm/gems/ruby-2.2.4/gems/web-console-2.3.0/lib/web_console/templates/console.js.erb within layouts/javascript (17.5ms)
  Rendered /home/simplon/.rvm/gems/ruby-2.2.4/gems/web-console-2.3.0/lib/web_console/templates/main.js.erb within layouts/javascript (0.3ms)
  Rendered /home/simplon/.rvm/gems/ruby-2.2.4/gems/web-console-2.3.0/lib/web_console/templates/error_page.js.erb within layouts/javascript (0.3ms)
  Rendered /home/simplon/.rvm/gems/ruby-2.2.4/gems/web-console-2.3.0/lib/web_console/templates/index.html.erb (34.1ms)


Started GET "/posts" for 127.0.0.1 at 2016-08-27 20:55:14 +0200
Processing by PostsController#index as HTML
  [1m[36mPost Load (0.3ms)[0m  [1mSELECT "posts".* FROM "posts"[0m
  Rendered posts/index.html.erb within layouts/application (1.9ms)
Completed 200 OK in 29ms (Views: 26.8ms | ActiveRecord: 0.3ms)


Started GET "/assets/posts.self-e3b0c44298fc1c149afbf4c8996fb92427ae41e4649b934ca495991b7852b855.css?body=1" for 127.0.0.1 at 2016-08-27 20:55:15 +0200


Started GET "/assets/scaffolds.self-660b3e176438ef0fc8135b955c9d20d6eeb6ff11115ba4214f3dac7577b30556.css?body=1" for 127.0.0.1 at 2016-08-27 20:55:15 +0200


Started GET "/assets/turbolinks.self-c5acd7a204f5f25ce7a1d8a0e4d92e28d34c9e2df2c7371cd7af88e147e4ad82.js?body=1" for 127.0.0.1 at 2016-08-27 20:55:15 +0200


Started GET "/assets/application.self-e80e8f2318043e8af94dddc2adad5a4f09739a8ebb323b3ab31cd71d45fd9113.css?body=1" for 127.0.0.1 at 2016-08-27 20:55:15 +0200


Started GET "/assets/jquery_ujs.self-784a997f6726036b1993eb2217c9cb558e1cbb801c6da88105588c56f13b466a.js?body=1" for 127.0.0.1 at 2016-08-27 20:55:15 +0200


Started GET "/assets/jquery.self-bd7ddd393353a8d2480a622e80342adf488fb6006d667e8b42e4c0073393abee.js?body=1" for 127.0.0.1 at 2016-08-27 20:55:15 +0200


Started GET "/assets/application.self-3b8dabdc891efe46b9a144b400ad69e37d7e5876bdc39dee783419a69d7ca819.js?body=1" for 127.0.0.1 at 2016-08-27 20:55:15 +0200


Started GET "/assets/posts.self-877aef30ae1b040ab8a3aba4e3e309a11d7f2612f44dde450b5c157aa5f95c05.js?body=1" for 127.0.0.1 at 2016-08-27 20:55:15 +0200


Started GET "/posts" for 127.0.0.1 at 2016-08-27 20:55:57 +0200
Processing by PostsController#index as HTML
  [1m[35mPost Load (0.4ms)[0m  SELECT "posts".* FROM "posts"
  Rendered posts/index.html.erb within layouts/application (24.1ms)
Completed 500 Internal Server Error in 31ms (ActiveRecord: 0.4ms)

ActionView::Template::Error (undefined local variable or method `posts' for #<#<Class:0x00000004f637a0>:0x00000004e7ca80>):
    1: <h1>Welcome</h1>
    2: 
    3: <% @posts.each do |post| %>
    4:   <h2><%= link_to post.title, posts %></h2>
    5:   <p>
    6:     <%= truncate post.text %>
    7:   </p>
  app/views/posts/index.html.erb:4:in `block in _app_views_posts_index_html_erb___1201086781125395242_41108580'
  app/views/posts/index.html.erb:3:in `_app_views_posts_index_html_erb___1201086781125395242_41108580'


  Rendered /home/simplon/.rvm/gems/ruby-2.2.4/gems/actionpack-4.2.6/lib/action_dispatch/middleware/templates/rescues/_source.erb (4.6ms)
  Rendered /home/simplon/.rvm/gems/ruby-2.2.4/gems/actionpack-4.2.6/lib/action_dispatch/middleware/templates/rescues/_trace.html.erb (2.0ms)
  Rendered /home/simplon/.rvm/gems/ruby-2.2.4/gems/actionpack-4.2.6/lib/action_dispatch/middleware/templates/rescues/_request_and_response.html.erb (0.9ms)
  Rendered /home/simplon/.rvm/gems/ruby-2.2.4/gems/actionpack-4.2.6/lib/action_dispatch/middleware/templates/rescues/template_error.html.erb within rescues/layout (19.7ms)
  Rendered /home/simplon/.rvm/gems/ruby-2.2.4/gems/web-console-2.3.0/lib/web_console/templates/_markup.html.erb (0.3ms)
  Rendered /home/simplon/.rvm/gems/ruby-2.2.4/gems/web-console-2.3.0/lib/web_console/templates/_inner_console_markup.html.erb within layouts/inlined_string (0.9ms)
  Rendered /home/simplon/.rvm/gems/ruby-2.2.4/gems/web-console-2.3.0/lib/web_console/templates/_prompt_box_markup.html.erb within layouts/inlined_string (1.7ms)
  Rendered /home/simplon/.rvm/gems/ruby-2.2.4/gems/web-console-2.3.0/lib/web_console/templates/style.css.erb within layouts/inlined_string (0.4ms)
  Rendered /home/simplon/.rvm/gems/ruby-2.2.4/gems/web-console-2.3.0/lib/web_console/templates/console.js.erb within layouts/javascript (21.6ms)
  Rendered /home/simplon/.rvm/gems/ruby-2.2.4/gems/web-console-2.3.0/lib/web_console/templates/main.js.erb within layouts/javascript (0.2ms)
  Rendered /home/simplon/.rvm/gems/ruby-2.2.4/gems/web-console-2.3.0/lib/web_console/templates/error_page.js.erb within layouts/javascript (0.3ms)
  Rendered /home/simplon/.rvm/gems/ruby-2.2.4/gems/web-console-2.3.0/lib/web_console/templates/index.html.erb (37.4ms)


Started GET "/posts" for 127.0.0.1 at 2016-08-27 20:56:08 +0200
Processing by PostsController#index as HTML
  [1m[36mPost Load (0.2ms)[0m  [1mSELECT "posts".* FROM "posts"[0m
  Rendered posts/index.html.erb within layouts/application (1.9ms)
Completed 200 OK in 27ms (Views: 26.2ms | ActiveRecord: 0.2ms)


Started GET "/assets/posts.self-e3b0c44298fc1c149afbf4c8996fb92427ae41e4649b934ca495991b7852b855.css?body=1" for 127.0.0.1 at 2016-08-27 20:56:09 +0200


Started GET "/assets/scaffolds.self-660b3e176438ef0fc8135b955c9d20d6eeb6ff11115ba4214f3dac7577b30556.css?body=1" for 127.0.0.1 at 2016-08-27 20:56:09 +0200


Started GET "/assets/application.self-e80e8f2318043e8af94dddc2adad5a4f09739a8ebb323b3ab31cd71d45fd9113.css?body=1" for 127.0.0.1 at 2016-08-27 20:56:09 +0200


Started GET "/assets/jquery.self-bd7ddd393353a8d2480a622e80342adf488fb6006d667e8b42e4c0073393abee.js?body=1" for 127.0.0.1 at 2016-08-27 20:56:09 +0200


Started GET "/assets/jquery_ujs.self-784a997f6726036b1993eb2217c9cb558e1cbb801c6da88105588c56f13b466a.js?body=1" for 127.0.0.1 at 2016-08-27 20:56:09 +0200


Started GET "/assets/posts.self-877aef30ae1b040ab8a3aba4e3e309a11d7f2612f44dde450b5c157aa5f95c05.js?body=1" for 127.0.0.1 at 2016-08-27 20:56:09 +0200


Started GET "/assets/turbolinks.self-c5acd7a204f5f25ce7a1d8a0e4d92e28d34c9e2df2c7371cd7af88e147e4ad82.js?body=1" for 127.0.0.1 at 2016-08-27 20:56:09 +0200


Started GET "/assets/application.self-3b8dabdc891efe46b9a144b400ad69e37d7e5876bdc39dee783419a69d7ca819.js?body=1" for 127.0.0.1 at 2016-08-27 20:56:09 +0200


Started GET "/posts/1" for 127.0.0.1 at 2016-08-27 20:56:34 +0200
Processing by PostsController#show as HTML
  Parameters: {"id"=>"1"}
  [1m[35mPost Load (0.2ms)[0m  SELECT  "posts".* FROM "posts" WHERE "posts"."id" = ? LIMIT 1  [["id", 1]]
  Rendered posts/show.html.erb within layouts/application (0.5ms)
Completed 200 OK in 23ms (Views: 21.4ms | ActiveRecord: 0.2ms)


Started GET "/posts" for 127.0.0.1 at 2016-08-27 20:56:35 +0200
Processing by PostsController#index as HTML
  [1m[36mPost Load (0.2ms)[0m  [1mSELECT "posts".* FROM "posts"[0m
  Rendered posts/index.html.erb within layouts/application (1.3ms)
Completed 200 OK in 32ms (Views: 30.3ms | ActiveRecord: 0.2ms)


Started GET "/posts/1" for 127.0.0.1 at 2016-08-27 20:57:12 +0200
Processing by PostsController#show as HTML
  Parameters: {"id"=>"1"}
  [1m[35mPost Load (0.2ms)[0m  SELECT  "posts".* FROM "posts" WHERE "posts"."id" = ? LIMIT 1  [["id", 1]]
  Rendered posts/show.html.erb within layouts/application (0.7ms)
Completed 200 OK in 30ms (Views: 28.0ms | ActiveRecord: 0.2ms)


Started GET "/posts" for 127.0.0.1 at 2016-08-27 20:57:13 +0200
Processing by PostsController#index as HTML
  [1m[36mPost Load (3.2ms)[0m  [1mSELECT "posts".* FROM "posts"[0m
  Rendered posts/index.html.erb within layouts/application (4.6ms)
Completed 200 OK in 37ms (Views: 33.2ms | ActiveRecord: 3.2ms)


Started GET "/posts" for 127.0.0.1 at 2016-08-27 20:59:03 +0200
Processing by PostsController#index as HTML
  [1m[35mPost Load (0.2ms)[0m  SELECT "posts".* FROM "posts"
  Rendered posts/index.html.erb within layouts/application (1.9ms)
Completed 200 OK in 26ms (Views: 25.3ms | ActiveRecord: 0.2ms)


Started GET "/assets/posts.self-e3b0c44298fc1c149afbf4c8996fb92427ae41e4649b934ca495991b7852b855.css?body=1" for 127.0.0.1 at 2016-08-27 20:59:03 +0200


Started GET "/assets/scaffolds.self-660b3e176438ef0fc8135b955c9d20d6eeb6ff11115ba4214f3dac7577b30556.css?body=1" for 127.0.0.1 at 2016-08-27 20:59:03 +0200


Started GET "/assets/application.self-e80e8f2318043e8af94dddc2adad5a4f09739a8ebb323b3ab31cd71d45fd9113.css?body=1" for 127.0.0.1 at 2016-08-27 20:59:03 +0200


Started GET "/assets/jquery.self-bd7ddd393353a8d2480a622e80342adf488fb6006d667e8b42e4c0073393abee.js?body=1" for 127.0.0.1 at 2016-08-27 20:59:03 +0200


Started GET "/assets/jquery_ujs.self-784a997f6726036b1993eb2217c9cb558e1cbb801c6da88105588c56f13b466a.js?body=1" for 127.0.0.1 at 2016-08-27 20:59:03 +0200


Started GET "/assets/turbolinks.self-c5acd7a204f5f25ce7a1d8a0e4d92e28d34c9e2df2c7371cd7af88e147e4ad82.js?body=1" for 127.0.0.1 at 2016-08-27 20:59:03 +0200


Started GET "/assets/application.self-3b8dabdc891efe46b9a144b400ad69e37d7e5876bdc39dee783419a69d7ca819.js?body=1" for 127.0.0.1 at 2016-08-27 20:59:03 +0200


Started GET "/assets/posts.self-877aef30ae1b040ab8a3aba4e3e309a11d7f2612f44dde450b5c157aa5f95c05.js?body=1" for 127.0.0.1 at 2016-08-27 20:59:03 +0200


Started GET "/posts" for 127.0.0.1 at 2016-08-27 21:14:48 +0200
Processing by PostsController#index as HTML
  [1m[36mPost Load (0.2ms)[0m  [1mSELECT "posts".* FROM "posts"[0m
  Rendered posts/index.html.erb within layouts/application (2.2ms)
Completed 200 OK in 25ms (Views: 24.2ms | ActiveRecord: 0.2ms)


Started GET "/assets/posts.self-e3b0c44298fc1c149afbf4c8996fb92427ae41e4649b934ca495991b7852b855.css?body=1" for 127.0.0.1 at 2016-08-27 21:14:49 +0200


Started GET "/assets/jquery.self-bd7ddd393353a8d2480a622e80342adf488fb6006d667e8b42e4c0073393abee.js?body=1" for 127.0.0.1 at 2016-08-27 21:14:49 +0200


Started GET "/assets/jquery_ujs.self-784a997f6726036b1993eb2217c9cb558e1cbb801c6da88105588c56f13b466a.js?body=1" for 127.0.0.1 at 2016-08-27 21:14:49 +0200


Started GET "/assets/application.self-e80e8f2318043e8af94dddc2adad5a4f09739a8ebb323b3ab31cd71d45fd9113.css?body=1" for 127.0.0.1 at 2016-08-27 21:14:49 +0200


Started GET "/assets/posts.self-877aef30ae1b040ab8a3aba4e3e309a11d7f2612f44dde450b5c157aa5f95c05.js?body=1" for 127.0.0.1 at 2016-08-27 21:14:49 +0200


Started GET "/assets/turbolinks.self-c5acd7a204f5f25ce7a1d8a0e4d92e28d34c9e2df2c7371cd7af88e147e4ad82.js?body=1" for 127.0.0.1 at 2016-08-27 21:14:49 +0200


Started GET "/assets/scaffolds.self-660b3e176438ef0fc8135b955c9d20d6eeb6ff11115ba4214f3dac7577b30556.css?body=1" for 127.0.0.1 at 2016-08-27 21:14:49 +0200


Started GET "/assets/application.self-3b8dabdc891efe46b9a144b400ad69e37d7e5876bdc39dee783419a69d7ca819.js?body=1" for 127.0.0.1 at 2016-08-27 21:14:49 +0200


Started GET "/posts" for 127.0.0.1 at 2016-08-27 21:16:32 +0200
Processing by PostsController#index as HTML
  [1m[35mPost Load (0.8ms)[0m  SELECT "posts".* FROM "posts"
  Rendered posts/index.html.erb within layouts/application (7.4ms)
Completed 200 OK in 74ms (Views: 31.7ms | ActiveRecord: 1.1ms)


Started GET "/assets/posts.self-e3b0c44298fc1c149afbf4c8996fb92427ae41e4649b934ca495991b7852b855.css?body=1" for 127.0.0.1 at 2016-08-27 21:16:32 +0200


Started GET "/assets/scaffolds.self-660b3e176438ef0fc8135b955c9d20d6eeb6ff11115ba4214f3dac7577b30556.css?body=1" for 127.0.0.1 at 2016-08-27 21:16:32 +0200


Started GET "/assets/jquery.self-bd7ddd393353a8d2480a622e80342adf488fb6006d667e8b42e4c0073393abee.js?body=1" for 127.0.0.1 at 2016-08-27 21:16:32 +0200


Started GET "/assets/application.self-e80e8f2318043e8af94dddc2adad5a4f09739a8ebb323b3ab31cd71d45fd9113.css?body=1" for 127.0.0.1 at 2016-08-27 21:16:32 +0200


Started GET "/assets/turbolinks.self-c5acd7a204f5f25ce7a1d8a0e4d92e28d34c9e2df2c7371cd7af88e147e4ad82.js?body=1" for 127.0.0.1 at 2016-08-27 21:16:32 +0200


Started GET "/assets/jquery_ujs.self-784a997f6726036b1993eb2217c9cb558e1cbb801c6da88105588c56f13b466a.js?body=1" for 127.0.0.1 at 2016-08-27 21:16:32 +0200


Started GET "/assets/posts.self-877aef30ae1b040ab8a3aba4e3e309a11d7f2612f44dde450b5c157aa5f95c05.js?body=1" for 127.0.0.1 at 2016-08-27 21:16:32 +0200


Started GET "/assets/application.self-3b8dabdc891efe46b9a144b400ad69e37d7e5876bdc39dee783419a69d7ca819.js?body=1" for 127.0.0.1 at 2016-08-27 21:16:32 +0200


Started GET "/posts/1" for 127.0.0.1 at 2016-08-27 21:16:34 +0200
Processing by PostsController#show as HTML
  Parameters: {"id"=>"1"}
  [1m[36mPost Load (0.3ms)[0m  [1mSELECT  "posts".* FROM "posts" WHERE "posts"."id" = ? LIMIT 1[0m  [["id", 1]]
  Rendered posts/show.html.erb within layouts/application (1.8ms)
Completed 500 Internal Server Error in 7ms (ActiveRecord: 0.3ms)

SyntaxError (/home/simplon/Projects/Blog/app/views/posts/show.html.erb:15: syntax error, unexpected '<', expecting keyword_end
'.freeze;  < link_to "Editer", edit_post_path(@post) 
            ^):
  app/views/posts/show.html.erb:15: syntax error, unexpected '<', expecting keyword_end


  Rendered /home/simplon/.rvm/gems/ruby-2.2.4/gems/actionpack-4.2.6/lib/action_dispatch/middleware/templates/rescues/_source.erb (5.4ms)
  Rendered /home/simplon/.rvm/gems/ruby-2.2.4/gems/actionpack-4.2.6/lib/action_dispatch/middleware/templates/rescues/_trace.html.erb (1.9ms)
  Rendered /home/simplon/.rvm/gems/ruby-2.2.4/gems/actionpack-4.2.6/lib/action_dispatch/middleware/templates/rescues/_request_and_response.html.erb (0.6ms)
  Rendered /home/simplon/.rvm/gems/ruby-2.2.4/gems/actionpack-4.2.6/lib/action_dispatch/middleware/templates/rescues/diagnostics.html.erb within rescues/layout (20.6ms)
  Rendered /home/simplon/.rvm/gems/ruby-2.2.4/gems/web-console-2.3.0/lib/web_console/templates/_markup.html.erb (0.3ms)
  Rendered /home/simplon/.rvm/gems/ruby-2.2.4/gems/web-console-2.3.0/lib/web_console/templates/_inner_console_markup.html.erb within layouts/inlined_string (0.2ms)
  Rendered /home/simplon/.rvm/gems/ruby-2.2.4/gems/web-console-2.3.0/lib/web_console/templates/_prompt_box_markup.html.erb within layouts/inlined_string (0.9ms)
  Rendered /home/simplon/.rvm/gems/ruby-2.2.4/gems/web-console-2.3.0/lib/web_console/templates/style.css.erb within layouts/inlined_string (0.4ms)
  Rendered /home/simplon/.rvm/gems/ruby-2.2.4/gems/web-console-2.3.0/lib/web_console/templates/console.js.erb within layouts/javascript (16.4ms)
  Rendered /home/simplon/.rvm/gems/ruby-2.2.4/gems/web-console-2.3.0/lib/web_console/templates/main.js.erb within layouts/javascript (0.3ms)
  Rendered /home/simplon/.rvm/gems/ruby-2.2.4/gems/web-console-2.3.0/lib/web_console/templates/error_page.js.erb within layouts/javascript (0.3ms)
  Rendered /home/simplon/.rvm/gems/ruby-2.2.4/gems/web-console-2.3.0/lib/web_console/templates/index.html.erb (32.2ms)


Started GET "/posts/1" for 127.0.0.1 at 2016-08-27 21:18:32 +0200
Processing by PostsController#show as HTML
  Parameters: {"id"=>"1"}
  [1m[35mPost Load (0.2ms)[0m  SELECT  "posts".* FROM "posts" WHERE "posts"."id" = ? LIMIT 1  [["id", 1]]
  Rendered posts/show.html.erb within layouts/application (0.9ms)
Completed 500 Internal Server Error in 18ms (ActiveRecord: 0.6ms)

SyntaxError (/home/simplon/Projects/Blog/app/views/posts/show.html.erb:15: syntax error, unexpected '<', expecting keyword_end
'.freeze;  < link_to "Editer", edit_post_path(@post) 
            ^):
  app/views/posts/show.html.erb:15: syntax error, unexpected '<', expecting keyword_end


  Rendered /home/simplon/.rvm/gems/ruby-2.2.4/gems/actionpack-4.2.6/lib/action_dispatch/middleware/templates/rescues/_source.erb (4.8ms)
  Rendered /home/simplon/.rvm/gems/ruby-2.2.4/gems/actionpack-4.2.6/lib/action_dispatch/middleware/templates/rescues/_trace.html.erb (4.1ms)
  Rendered /home/simplon/.rvm/gems/ruby-2.2.4/gems/actionpack-4.2.6/lib/action_dispatch/middleware/templates/rescues/_request_and_response.html.erb (0.8ms)
  Rendered /home/simplon/.rvm/gems/ruby-2.2.4/gems/actionpack-4.2.6/lib/action_dispatch/middleware/templates/rescues/diagnostics.html.erb within rescues/layout (24.1ms)
  Rendered /home/simplon/.rvm/gems/ruby-2.2.4/gems/web-console-2.3.0/lib/web_console/templates/_markup.html.erb (0.2ms)
  Rendered /home/simplon/.rvm/gems/ruby-2.2.4/gems/web-console-2.3.0/lib/web_console/templates/_inner_console_markup.html.erb within layouts/inlined_string (0.6ms)
  Rendered /home/simplon/.rvm/gems/ruby-2.2.4/gems/web-console-2.3.0/lib/web_console/templates/_prompt_box_markup.html.erb within layouts/inlined_string (1.5ms)
  Rendered /home/simplon/.rvm/gems/ruby-2.2.4/gems/web-console-2.3.0/lib/web_console/templates/style.css.erb within layouts/inlined_string (1.6ms)
  Rendered /home/simplon/.rvm/gems/ruby-2.2.4/gems/web-console-2.3.0/lib/web_console/templates/console.js.erb within layouts/javascript (23.2ms)
  Rendered /home/simplon/.rvm/gems/ruby-2.2.4/gems/web-console-2.3.0/lib/web_console/templates/main.js.erb within layouts/javascript (0.2ms)
  Rendered /home/simplon/.rvm/gems/ruby-2.2.4/gems/web-console-2.3.0/lib/web_console/templates/error_page.js.erb within layouts/javascript (0.3ms)
  Rendered /home/simplon/.rvm/gems/ruby-2.2.4/gems/web-console-2.3.0/lib/web_console/templates/index.html.erb (35.8ms)


Started GET "/posts/1" for 127.0.0.1 at 2016-08-27 21:18:44 +0200
Processing by PostsController#show as HTML
  Parameters: {"id"=>"1"}
  [1m[36mPost Load (0.1ms)[0m  [1mSELECT  "posts".* FROM "posts" WHERE "posts"."id" = ? LIMIT 1[0m  [["id", 1]]
  [1m[35mComment Load (0.2ms)[0m  SELECT "comments".* FROM "comments" WHERE "comments"."post_id" = ?  [["post_id", 1]]
  Rendered posts/show.html.erb within layouts/application (69.8ms)
Completed 200 OK in 92ms (Views: 90.7ms | ActiveRecord: 0.6ms)


Started GET "/assets/posts.self-e3b0c44298fc1c149afbf4c8996fb92427ae41e4649b934ca495991b7852b855.css?body=1" for 127.0.0.1 at 2016-08-27 21:18:45 +0200


Started GET "/assets/scaffolds.self-660b3e176438ef0fc8135b955c9d20d6eeb6ff11115ba4214f3dac7577b30556.css?body=1" for 127.0.0.1 at 2016-08-27 21:18:45 +0200


Started GET "/assets/application.self-e80e8f2318043e8af94dddc2adad5a4f09739a8ebb323b3ab31cd71d45fd9113.css?body=1" for 127.0.0.1 at 2016-08-27 21:18:45 +0200


Started GET "/assets/turbolinks.self-c5acd7a204f5f25ce7a1d8a0e4d92e28d34c9e2df2c7371cd7af88e147e4ad82.js?body=1" for 127.0.0.1 at 2016-08-27 21:18:45 +0200


Started GET "/assets/jquery_ujs.self-784a997f6726036b1993eb2217c9cb558e1cbb801c6da88105588c56f13b466a.js?body=1" for 127.0.0.1 at 2016-08-27 21:18:45 +0200


Started GET "/assets/jquery.self-bd7ddd393353a8d2480a622e80342adf488fb6006d667e8b42e4c0073393abee.js?body=1" for 127.0.0.1 at 2016-08-27 21:18:45 +0200


Started GET "/assets/posts.self-877aef30ae1b040ab8a3aba4e3e309a11d7f2612f44dde450b5c157aa5f95c05.js?body=1" for 127.0.0.1 at 2016-08-27 21:18:45 +0200


Started GET "/assets/application.self-3b8dabdc891efe46b9a144b400ad69e37d7e5876bdc39dee783419a69d7ca819.js?body=1" for 127.0.0.1 at 2016-08-27 21:18:45 +0200


Started GET "/posts/1" for 127.0.0.1 at 2016-08-27 21:19:03 +0200
Processing by PostsController#show as HTML
  Parameters: {"id"=>"1"}
  [1m[36mPost Load (0.1ms)[0m  [1mSELECT  "posts".* FROM "posts" WHERE "posts"."id" = ? LIMIT 1[0m  [["id", 1]]
  [1m[35mComment Load (0.2ms)[0m  SELECT "comments".* FROM "comments" WHERE "comments"."post_id" = ?  [["post_id", 1]]
  Rendered posts/show.html.erb within layouts/application (4.5ms)
Completed 200 OK in 26ms (Views: 24.3ms | ActiveRecord: 0.3ms)


Started GET "/assets/posts.self-e3b0c44298fc1c149afbf4c8996fb92427ae41e4649b934ca495991b7852b855.css?body=1" for 127.0.0.1 at 2016-08-27 21:19:03 +0200


Started GET "/assets/scaffolds.self-660b3e176438ef0fc8135b955c9d20d6eeb6ff11115ba4214f3dac7577b30556.css?body=1" for 127.0.0.1 at 2016-08-27 21:19:03 +0200


Started GET "/assets/application.self-e80e8f2318043e8af94dddc2adad5a4f09739a8ebb323b3ab31cd71d45fd9113.css?body=1" for 127.0.0.1 at 2016-08-27 21:19:03 +0200


Started GET "/assets/jquery.self-bd7ddd393353a8d2480a622e80342adf488fb6006d667e8b42e4c0073393abee.js?body=1" for 127.0.0.1 at 2016-08-27 21:19:03 +0200


Started GET "/assets/turbolinks.self-c5acd7a204f5f25ce7a1d8a0e4d92e28d34c9e2df2c7371cd7af88e147e4ad82.js?body=1" for 127.0.0.1 at 2016-08-27 21:19:03 +0200


Started GET "/assets/posts.self-877aef30ae1b040ab8a3aba4e3e309a11d7f2612f44dde450b5c157aa5f95c05.js?body=1" for 127.0.0.1 at 2016-08-27 21:19:03 +0200


Started GET "/assets/jquery_ujs.self-784a997f6726036b1993eb2217c9cb558e1cbb801c6da88105588c56f13b466a.js?body=1" for 127.0.0.1 at 2016-08-27 21:19:03 +0200


Started GET "/assets/application.self-3b8dabdc891efe46b9a144b400ad69e37d7e5876bdc39dee783419a69d7ca819.js?body=1" for 127.0.0.1 at 2016-08-27 21:19:03 +0200


Started GET "/posts" for 127.0.0.1 at 2016-08-27 21:19:11 +0200
Processing by PostsController#index as HTML
  [1m[36mPost Load (0.2ms)[0m  [1mSELECT "posts".* FROM "posts"[0m
  Rendered posts/index.html.erb within layouts/application (2.1ms)
Completed 200 OK in 27ms (Views: 26.2ms | ActiveRecord: 0.2ms)


Started GET "/posts" for 127.0.0.1 at 2016-08-27 21:21:44 +0200
Processing by PostsController#index as HTML
  [1m[35mPost Load (0.6ms)[0m  SELECT "posts".* FROM "posts"
  Rendered posts/index.html.erb within layouts/application (2.8ms)
Completed 200 OK in 25ms (Views: 23.5ms | ActiveRecord: 0.6ms)


Started GET "/assets/scaffolds.self-660b3e176438ef0fc8135b955c9d20d6eeb6ff11115ba4214f3dac7577b30556.css?body=1" for 127.0.0.1 at 2016-08-27 21:21:44 +0200


Started GET "/assets/application.self-e80e8f2318043e8af94dddc2adad5a4f09739a8ebb323b3ab31cd71d45fd9113.css?body=1" for 127.0.0.1 at 2016-08-27 21:21:44 +0200


Started GET "/assets/jquery.self-bd7ddd393353a8d2480a622e80342adf488fb6006d667e8b42e4c0073393abee.js?body=1" for 127.0.0.1 at 2016-08-27 21:21:44 +0200


Started GET "/assets/posts.self-877aef30ae1b040ab8a3aba4e3e309a11d7f2612f44dde450b5c157aa5f95c05.js?body=1" for 127.0.0.1 at 2016-08-27 21:21:44 +0200


Started GET "/assets/application.self-3b8dabdc891efe46b9a144b400ad69e37d7e5876bdc39dee783419a69d7ca819.js?body=1" for 127.0.0.1 at 2016-08-27 21:21:44 +0200


Started GET "/assets/posts.self-e3b0c44298fc1c149afbf4c8996fb92427ae41e4649b934ca495991b7852b855.css?body=1" for 127.0.0.1 at 2016-08-27 21:21:44 +0200


Started GET "/assets/jquery_ujs.self-784a997f6726036b1993eb2217c9cb558e1cbb801c6da88105588c56f13b466a.js?body=1" for 127.0.0.1 at 2016-08-27 21:21:45 +0200


Started GET "/assets/turbolinks.self-c5acd7a204f5f25ce7a1d8a0e4d92e28d34c9e2df2c7371cd7af88e147e4ad82.js?body=1" for 127.0.0.1 at 2016-08-27 21:21:45 +0200


Started GET "/posts/1" for 127.0.0.1 at 2016-08-27 21:21:47 +0200
Processing by PostsController#show as HTML
  Parameters: {"id"=>"1"}
  [1m[36mPost Load (0.1ms)[0m  [1mSELECT  "posts".* FROM "posts" WHERE "posts"."id" = ? LIMIT 1[0m  [["id", 1]]
  [1m[35mComment Load (0.1ms)[0m  SELECT "comments".* FROM "comments" WHERE "comments"."post_id" = ?  [["post_id", 1]]
  Rendered posts/show.html.erb within layouts/application (85.2ms)
Completed 500 Internal Server Error in 88ms (ActiveRecord: 0.3ms)

ActionView::Template::Error (undefined method `post_comments_path' for #<#<Class:0x007f360a174930>:0x007f360a16d2e8>):
     9:   <p>Il y a <%= time_ago_in_words comment.created_at %></p>
    10: <% end %>
    11: 
    12: <%= form_for [@post, @post.comments.build] do |f| %>
    13:   <p><%= f.text_area :text, :size => "40x10" %></p>
    14: <% end %>
    15: 
  app/views/posts/show.html.erb:12:in `_app_views_posts_show_html_erb__751773494538085868_69934955478880'


  Rendered /home/simplon/.rvm/gems/ruby-2.2.4/gems/actionpack-4.2.6/lib/action_dispatch/middleware/templates/rescues/_source.erb (4.1ms)
  Rendered /home/simplon/.rvm/gems/ruby-2.2.4/gems/actionpack-4.2.6/lib/action_dispatch/middleware/templates/rescues/_trace.html.erb (1.8ms)
  Rendered /home/simplon/.rvm/gems/ruby-2.2.4/gems/actionpack-4.2.6/lib/action_dispatch/middleware/templates/rescues/_request_and_response.html.erb (0.6ms)
  Rendered /home/simplon/.rvm/gems/ruby-2.2.4/gems/actionpack-4.2.6/lib/action_dispatch/middleware/templates/rescues/template_error.html.erb within rescues/layout (17.7ms)
  Rendered /home/simplon/.rvm/gems/ruby-2.2.4/gems/web-console-2.3.0/lib/web_console/templates/_markup.html.erb (0.3ms)
  Rendered /home/simplon/.rvm/gems/ruby-2.2.4/gems/web-console-2.3.0/lib/web_console/templates/_inner_console_markup.html.erb within layouts/inlined_string (0.2ms)
  Rendered /home/simplon/.rvm/gems/ruby-2.2.4/gems/web-console-2.3.0/lib/web_console/templates/_prompt_box_markup.html.erb within layouts/inlined_string (0.7ms)
  Rendered /home/simplon/.rvm/gems/ruby-2.2.4/gems/web-console-2.3.0/lib/web_console/templates/style.css.erb within layouts/inlined_string (0.6ms)
  Rendered /home/simplon/.rvm/gems/ruby-2.2.4/gems/web-console-2.3.0/lib/web_console/templates/console.js.erb within layouts/javascript (24.0ms)
  Rendered /home/simplon/.rvm/gems/ruby-2.2.4/gems/web-console-2.3.0/lib/web_console/templates/main.js.erb within layouts/javascript (0.2ms)
  Rendered /home/simplon/.rvm/gems/ruby-2.2.4/gems/web-console-2.3.0/lib/web_console/templates/error_page.js.erb within layouts/javascript (0.3ms)
  Rendered /home/simplon/.rvm/gems/ruby-2.2.4/gems/web-console-2.3.0/lib/web_console/templates/index.html.erb (38.1ms)


Started GET "/posts/1" for 127.0.0.1 at 2016-08-27 21:24:37 +0200
Processing by PostsController#show as HTML
  Parameters: {"id"=>"1"}
  [1m[36mPost Load (1.8ms)[0m  [1mSELECT  "posts".* FROM "posts" WHERE "posts"."id" = ? LIMIT 1[0m  [["id", 1]]
  [1m[35mComment Load (0.1ms)[0m  SELECT "comments".* FROM "comments" WHERE "comments"."post_id" = ?  [["post_id", 1]]
  Rendered posts/show.html.erb within layouts/application (15.1ms)
Completed 200 OK in 51ms (Views: 33.2ms | ActiveRecord: 2.8ms)


Started GET "/assets/scaffolds.self-660b3e176438ef0fc8135b955c9d20d6eeb6ff11115ba4214f3dac7577b30556.css?body=1" for 127.0.0.1 at 2016-08-27 21:24:37 +0200


Started GET "/assets/application.self-e80e8f2318043e8af94dddc2adad5a4f09739a8ebb323b3ab31cd71d45fd9113.css?body=1" for 127.0.0.1 at 2016-08-27 21:24:37 +0200


Started GET "/assets/posts.self-e3b0c44298fc1c149afbf4c8996fb92427ae41e4649b934ca495991b7852b855.css?body=1" for 127.0.0.1 at 2016-08-27 21:24:37 +0200


Started GET "/assets/turbolinks.self-c5acd7a204f5f25ce7a1d8a0e4d92e28d34c9e2df2c7371cd7af88e147e4ad82.js?body=1" for 127.0.0.1 at 2016-08-27 21:24:37 +0200


Started GET "/assets/application.self-3b8dabdc891efe46b9a144b400ad69e37d7e5876bdc39dee783419a69d7ca819.js?body=1" for 127.0.0.1 at 2016-08-27 21:24:37 +0200


Started GET "/assets/posts.self-877aef30ae1b040ab8a3aba4e3e309a11d7f2612f44dde450b5c157aa5f95c05.js?body=1" for 127.0.0.1 at 2016-08-27 21:24:37 +0200


Started GET "/assets/jquery.self-bd7ddd393353a8d2480a622e80342adf488fb6006d667e8b42e4c0073393abee.js?body=1" for 127.0.0.1 at 2016-08-27 21:24:37 +0200


Started GET "/assets/jquery_ujs.self-784a997f6726036b1993eb2217c9cb558e1cbb801c6da88105588c56f13b466a.js?body=1" for 127.0.0.1 at 2016-08-27 21:24:37 +0200


Started GET "/posts" for 127.0.0.1 at 2016-08-27 21:24:53 +0200
Processing by PostsController#index as HTML
  [1m[36mPost Load (0.2ms)[0m  [1mSELECT "posts".* FROM "posts"[0m
  Rendered posts/index.html.erb within layouts/application (1.3ms)
Completed 200 OK in 20ms (Views: 19.5ms | ActiveRecord: 0.2ms)


Started GET "/posts" for 127.0.0.1 at 2016-08-27 21:41:44 +0200
Processing by PostsController#index as HTML
  [1m[35mPost Load (0.3ms)[0m  SELECT "posts".* FROM "posts"
  Rendered posts/index.html.erb within layouts/application (5.2ms)
Completed 200 OK in 102ms (Views: 95.7ms | ActiveRecord: 0.6ms)


Started GET "/assets/scaffolds.self-660b3e176438ef0fc8135b955c9d20d6eeb6ff11115ba4214f3dac7577b30556.css?body=1" for 127.0.0.1 at 2016-08-27 21:41:44 +0200


Started GET "/assets/posts.self-e3b0c44298fc1c149afbf4c8996fb92427ae41e4649b934ca495991b7852b855.css?body=1" for 127.0.0.1 at 2016-08-27 21:41:44 +0200


Started GET "/assets/turbolinks.self-c5acd7a204f5f25ce7a1d8a0e4d92e28d34c9e2df2c7371cd7af88e147e4ad82.js?body=1" for 127.0.0.1 at 2016-08-27 21:41:44 +0200


Started GET "/assets/comments.self-e3b0c44298fc1c149afbf4c8996fb92427ae41e4649b934ca495991b7852b855.css?body=1" for 127.0.0.1 at 2016-08-27 21:41:44 +0200


Started GET "/assets/jquery_ujs.self-784a997f6726036b1993eb2217c9cb558e1cbb801c6da88105588c56f13b466a.js?body=1" for 127.0.0.1 at 2016-08-27 21:41:44 +0200


Started GET "/assets/jquery.self-bd7ddd393353a8d2480a622e80342adf488fb6006d667e8b42e4c0073393abee.js?body=1" for 127.0.0.1 at 2016-08-27 21:41:44 +0200


Started GET "/assets/application.self-e80e8f2318043e8af94dddc2adad5a4f09739a8ebb323b3ab31cd71d45fd9113.css?body=1" for 127.0.0.1 at 2016-08-27 21:41:44 +0200


Started GET "/assets/posts.self-877aef30ae1b040ab8a3aba4e3e309a11d7f2612f44dde450b5c157aa5f95c05.js?body=1" for 127.0.0.1 at 2016-08-27 21:41:44 +0200


Started GET "/assets/comments.self-877aef30ae1b040ab8a3aba4e3e309a11d7f2612f44dde450b5c157aa5f95c05.js?body=1" for 127.0.0.1 at 2016-08-27 21:41:44 +0200


Started GET "/assets/application.self-3b8dabdc891efe46b9a144b400ad69e37d7e5876bdc39dee783419a69d7ca819.js?body=1" for 127.0.0.1 at 2016-08-27 21:41:44 +0200


Started GET "/posts" for 127.0.0.1 at 2016-08-27 22:15:30 +0200
Processing by PostsController#index as HTML
  [1m[36mPost Load (0.7ms)[0m  [1mSELECT "posts".* FROM "posts"[0m
  Rendered posts/index.html.erb within layouts/application (6.9ms)
Completed 200 OK in 53ms (Views: 49.1ms | ActiveRecord: 0.9ms)


Started GET "/assets/comments.self-e3b0c44298fc1c149afbf4c8996fb92427ae41e4649b934ca495991b7852b855.css?body=1" for 127.0.0.1 at 2016-08-27 22:15:31 +0200


Started GET "/assets/scaffolds.self-660b3e176438ef0fc8135b955c9d20d6eeb6ff11115ba4214f3dac7577b30556.css?body=1" for 127.0.0.1 at 2016-08-27 22:15:31 +0200


Started GET "/assets/posts.self-e3b0c44298fc1c149afbf4c8996fb92427ae41e4649b934ca495991b7852b855.css?body=1" for 127.0.0.1 at 2016-08-27 22:15:31 +0200


Started GET "/assets/jquery.self-bd7ddd393353a8d2480a622e80342adf488fb6006d667e8b42e4c0073393abee.js?body=1" for 127.0.0.1 at 2016-08-27 22:15:31 +0200


Started GET "/assets/turbolinks.self-c5acd7a204f5f25ce7a1d8a0e4d92e28d34c9e2df2c7371cd7af88e147e4ad82.js?body=1" for 127.0.0.1 at 2016-08-27 22:15:31 +0200


Started GET "/assets/jquery_ujs.self-784a997f6726036b1993eb2217c9cb558e1cbb801c6da88105588c56f13b466a.js?body=1" for 127.0.0.1 at 2016-08-27 22:15:31 +0200


Started GET "/assets/application.self-e80e8f2318043e8af94dddc2adad5a4f09739a8ebb323b3ab31cd71d45fd9113.css?body=1" for 127.0.0.1 at 2016-08-27 22:15:31 +0200


Started GET "/assets/posts.self-877aef30ae1b040ab8a3aba4e3e309a11d7f2612f44dde450b5c157aa5f95c05.js?body=1" for 127.0.0.1 at 2016-08-27 22:15:31 +0200


Started GET "/assets/comments.self-877aef30ae1b040ab8a3aba4e3e309a11d7f2612f44dde450b5c157aa5f95c05.js?body=1" for 127.0.0.1 at 2016-08-27 22:15:31 +0200


Started GET "/assets/application.self-3b8dabdc891efe46b9a144b400ad69e37d7e5876bdc39dee783419a69d7ca819.js?body=1" for 127.0.0.1 at 2016-08-27 22:15:31 +0200


Started GET "/posts" for 127.0.0.1 at 2016-08-27 22:17:52 +0200
Processing by PostsController#index as HTML
  [1m[35mPost Load (0.2ms)[0m  SELECT "posts".* FROM "posts"
  Rendered posts/index.html.erb within layouts/application (3.4ms)
Completed 200 OK in 29ms (Views: 27.4ms | ActiveRecord: 0.2ms)


Started GET "/assets/comments.self-e3b0c44298fc1c149afbf4c8996fb92427ae41e4649b934ca495991b7852b855.css?body=1" for 127.0.0.1 at 2016-08-27 22:17:52 +0200


Started GET "/assets/posts.self-e3b0c44298fc1c149afbf4c8996fb92427ae41e4649b934ca495991b7852b855.css?body=1" for 127.0.0.1 at 2016-08-27 22:17:52 +0200


Started GET "/assets/jquery.self-bd7ddd393353a8d2480a622e80342adf488fb6006d667e8b42e4c0073393abee.js?body=1" for 127.0.0.1 at 2016-08-27 22:17:52 +0200


Started GET "/assets/scaffolds.self-660b3e176438ef0fc8135b955c9d20d6eeb6ff11115ba4214f3dac7577b30556.css?body=1" for 127.0.0.1 at 2016-08-27 22:17:52 +0200


Started GET "/assets/jquery_ujs.self-784a997f6726036b1993eb2217c9cb558e1cbb801c6da88105588c56f13b466a.js?body=1" for 127.0.0.1 at 2016-08-27 22:17:52 +0200


Started GET "/assets/application.self-e80e8f2318043e8af94dddc2adad5a4f09739a8ebb323b3ab31cd71d45fd9113.css?body=1" for 127.0.0.1 at 2016-08-27 22:17:52 +0200


Started GET "/assets/turbolinks.self-c5acd7a204f5f25ce7a1d8a0e4d92e28d34c9e2df2c7371cd7af88e147e4ad82.js?body=1" for 127.0.0.1 at 2016-08-27 22:17:52 +0200


Started GET "/assets/posts.self-877aef30ae1b040ab8a3aba4e3e309a11d7f2612f44dde450b5c157aa5f95c05.js?body=1" for 127.0.0.1 at 2016-08-27 22:17:52 +0200


Started GET "/assets/comments.self-877aef30ae1b040ab8a3aba4e3e309a11d7f2612f44dde450b5c157aa5f95c05.js?body=1" for 127.0.0.1 at 2016-08-27 22:17:52 +0200


Started GET "/assets/application.self-3b8dabdc891efe46b9a144b400ad69e37d7e5876bdc39dee783419a69d7ca819.js?body=1" for 127.0.0.1 at 2016-08-27 22:17:52 +0200


Started GET "/posts" for 127.0.0.1 at 2016-08-27 22:18:04 +0200
Processing by PostsController#index as HTML
  [1m[36mPost Load (0.2ms)[0m  [1mSELECT "posts".* FROM "posts"[0m
  Rendered posts/index.html.erb within layouts/application (1.1ms)
Completed 200 OK in 24ms (Views: 23.6ms | ActiveRecord: 0.2ms)


Started GET "/assets/posts.self-e3b0c44298fc1c149afbf4c8996fb92427ae41e4649b934ca495991b7852b855.css?body=1" for 127.0.0.1 at 2016-08-27 22:18:04 +0200


Started GET "/assets/scaffolds.self-660b3e176438ef0fc8135b955c9d20d6eeb6ff11115ba4214f3dac7577b30556.css?body=1" for 127.0.0.1 at 2016-08-27 22:18:04 +0200


Started GET "/assets/application.self-e80e8f2318043e8af94dddc2adad5a4f09739a8ebb323b3ab31cd71d45fd9113.css?body=1" for 127.0.0.1 at 2016-08-27 22:18:04 +0200


Started GET "/assets/jquery.self-bd7ddd393353a8d2480a622e80342adf488fb6006d667e8b42e4c0073393abee.js?body=1" for 127.0.0.1 at 2016-08-27 22:18:04 +0200


Started GET "/assets/comments.self-e3b0c44298fc1c149afbf4c8996fb92427ae41e4649b934ca495991b7852b855.css?body=1" for 127.0.0.1 at 2016-08-27 22:18:04 +0200


Started GET "/assets/jquery_ujs.self-784a997f6726036b1993eb2217c9cb558e1cbb801c6da88105588c56f13b466a.js?body=1" for 127.0.0.1 at 2016-08-27 22:18:04 +0200


Started GET "/assets/turbolinks.self-c5acd7a204f5f25ce7a1d8a0e4d92e28d34c9e2df2c7371cd7af88e147e4ad82.js?body=1" for 127.0.0.1 at 2016-08-27 22:18:04 +0200


Started GET "/assets/posts.self-877aef30ae1b040ab8a3aba4e3e309a11d7f2612f44dde450b5c157aa5f95c05.js?body=1" for 127.0.0.1 at 2016-08-27 22:18:04 +0200


Started GET "/assets/application.self-3b8dabdc891efe46b9a144b400ad69e37d7e5876bdc39dee783419a69d7ca819.js?body=1" for 127.0.0.1 at 2016-08-27 22:18:04 +0200


Started GET "/assets/comments.self-877aef30ae1b040ab8a3aba4e3e309a11d7f2612f44dde450b5c157aa5f95c05.js?body=1" for 127.0.0.1 at 2016-08-27 22:18:04 +0200


Started GET "/posts" for 127.0.0.1 at 2016-08-27 22:22:03 +0200
Processing by PostsController#index as HTML
  [1m[35mPost Load (0.3ms)[0m  SELECT "posts".* FROM "posts"
  Rendered posts/index.html.erb within layouts/application (4.5ms)
Completed 200 OK in 32ms (Views: 29.0ms | ActiveRecord: 0.6ms)


Started GET "/assets/posts.self-e3b0c44298fc1c149afbf4c8996fb92427ae41e4649b934ca495991b7852b855.css?body=1" for 127.0.0.1 at 2016-08-27 22:22:04 +0200


Started GET "/assets/comments.self-e3b0c44298fc1c149afbf4c8996fb92427ae41e4649b934ca495991b7852b855.css?body=1" for 127.0.0.1 at 2016-08-27 22:22:04 +0200


Started GET "/assets/scaffolds.self-660b3e176438ef0fc8135b955c9d20d6eeb6ff11115ba4214f3dac7577b30556.css?body=1" for 127.0.0.1 at 2016-08-27 22:22:04 +0200


Started GET "/assets/jquery.self-bd7ddd393353a8d2480a622e80342adf488fb6006d667e8b42e4c0073393abee.js?body=1" for 127.0.0.1 at 2016-08-27 22:22:04 +0200


Started GET "/assets/turbolinks.self-c5acd7a204f5f25ce7a1d8a0e4d92e28d34c9e2df2c7371cd7af88e147e4ad82.js?body=1" for 127.0.0.1 at 2016-08-27 22:22:04 +0200


Started GET "/assets/application.self-e80e8f2318043e8af94dddc2adad5a4f09739a8ebb323b3ab31cd71d45fd9113.css?body=1" for 127.0.0.1 at 2016-08-27 22:22:04 +0200


Started GET "/assets/jquery_ujs.self-784a997f6726036b1993eb2217c9cb558e1cbb801c6da88105588c56f13b466a.js?body=1" for 127.0.0.1 at 2016-08-27 22:22:04 +0200


Started GET "/assets/posts.self-877aef30ae1b040ab8a3aba4e3e309a11d7f2612f44dde450b5c157aa5f95c05.js?body=1" for 127.0.0.1 at 2016-08-27 22:22:04 +0200


Started GET "/assets/application.self-3b8dabdc891efe46b9a144b400ad69e37d7e5876bdc39dee783419a69d7ca819.js?body=1" for 127.0.0.1 at 2016-08-27 22:22:04 +0200


Started GET "/assets/comments.self-877aef30ae1b040ab8a3aba4e3e309a11d7f2612f44dde450b5c157aa5f95c05.js?body=1" for 127.0.0.1 at 2016-08-27 22:22:04 +0200
  [1m[36mActiveRecord::SchemaMigration Load (0.1ms)[0m  [1mSELECT "schema_migrations".* FROM "schema_migrations"[0m
Migrating to DeviseCreateUsers (20160827202908)
  [1m[35m (0.1ms)[0m  begin transaction
  [1m[36m (0.3ms)[0m  [1mCREATE TABLE "users" ("id" INTEGER PRIMARY KEY AUTOINCREMENT NOT NULL, "email" varchar DEFAULT '' NOT NULL, "encrypted_password" varchar DEFAULT '' NOT NULL, "reset_password_token" varchar, "reset_password_sent_at" datetime, "remember_created_at" datetime, "sign_in_count" integer DEFAULT 0 NOT NULL, "current_sign_in_at" datetime, "last_sign_in_at" datetime, "current_sign_in_ip" varchar, "last_sign_in_ip" varchar, "created_at" datetime NOT NULL, "updated_at" datetime NOT NULL) [0m
  [1m[35m (0.0ms)[0m  select sqlite_version(*)
  [1m[36m (0.2ms)[0m  [1mCREATE UNIQUE INDEX "index_users_on_email" ON "users" ("email")[0m
  [1m[35m (0.1ms)[0m              SELECT sql
            FROM sqlite_master
            WHERE name='index_users_on_email' AND type='index'
            UNION ALL
            SELECT sql
            FROM sqlite_temp_master
            WHERE name='index_users_on_email' AND type='index'

  [1m[36m (0.1ms)[0m  [1mCREATE UNIQUE INDEX "index_users_on_reset_password_token" ON "users" ("reset_password_token")[0m
  [1m[35mSQL (0.1ms)[0m  INSERT INTO "schema_migrations" ("version") VALUES (?)  [["version", "20160827202908"]]
  [1m[36m (134.1ms)[0m  [1mcommit transaction[0m
  [1m[35mActiveRecord::SchemaMigration Load (0.2ms)[0m  SELECT "schema_migrations".* FROM "schema_migrations"
  [1m[36m (0.3ms)[0m  [1m            SELECT sql
            FROM sqlite_master
            WHERE name='index_users_on_reset_password_token' AND type='index'
            UNION ALL
            SELECT sql
            FROM sqlite_temp_master
            WHERE name='index_users_on_reset_password_token' AND type='index'
[0m
  [1m[35m (0.2ms)[0m              SELECT sql
            FROM sqlite_master
            WHERE name='index_users_on_email' AND type='index'
            UNION ALL
            SELECT sql
            FROM sqlite_temp_master
            WHERE name='index_users_on_email' AND type='index'

  [1m[36mActiveRecord::SchemaMigration Load (0.1ms)[0m  [1mSELECT "schema_migrations".* FROM "schema_migrations"[0m
Migrating to AddUsernameToUsers (20160827203047)
  [1m[35m (0.1ms)[0m  begin transaction
  [1m[36m (0.3ms)[0m  [1mALTER TABLE "users" ADD "username" varchar[0m
  [1m[35mSQL (0.1ms)[0m  INSERT INTO "schema_migrations" ("version") VALUES (?)  [["version", "20160827203047"]]
  [1m[36m (78.6ms)[0m  [1mcommit transaction[0m
  [1m[35mActiveRecord::SchemaMigration Load (0.2ms)[0m  SELECT "schema_migrations".* FROM "schema_migrations"
  [1m[36m (0.3ms)[0m  [1m            SELECT sql
            FROM sqlite_master
            WHERE name='index_users_on_reset_password_token' AND type='index'
            UNION ALL
            SELECT sql
            FROM sqlite_temp_master
            WHERE name='index_users_on_reset_password_token' AND type='index'
[0m
  [1m[35m (0.2ms)[0m              SELECT sql
            FROM sqlite_master
            WHERE name='index_users_on_email' AND type='index'
            UNION ALL
            SELECT sql
            FROM sqlite_temp_master
            WHERE name='index_users_on_email' AND type='index'



Started GET "/posts" for 127.0.0.1 at 2016-08-27 22:31:28 +0200

NoMethodError (undefined method `devise_for' for #<ActionDispatch::Routing::Mapper:0x00000004dfaeb8>):
  config/routes.rb:2:in `block in <top (required)>'
  config/routes.rb:1:in `<top (required)>'


  Rendered /home/simplon/.rvm/gems/ruby-2.2.4/gems/actionpack-4.2.6/lib/action_dispatch/middleware/templates/rescues/_source.erb (5.7ms)
  Rendered /home/simplon/.rvm/gems/ruby-2.2.4/gems/actionpack-4.2.6/lib/action_dispatch/middleware/templates/rescues/_trace.html.erb (1.4ms)
  Rendered /home/simplon/.rvm/gems/ruby-2.2.4/gems/actionpack-4.2.6/lib/action_dispatch/middleware/templates/rescues/_request_and_response.html.erb (1.0ms)
  Rendered /home/simplon/.rvm/gems/ruby-2.2.4/gems/actionpack-4.2.6/lib/action_dispatch/middleware/templates/rescues/diagnostics.html.erb within rescues/layout (21.8ms)
  Rendered /home/simplon/.rvm/gems/ruby-2.2.4/gems/web-console-2.3.0/lib/web_console/templates/_markup.html.erb (0.4ms)
  Rendered /home/simplon/.rvm/gems/ruby-2.2.4/gems/web-console-2.3.0/lib/web_console/templates/_inner_console_markup.html.erb within layouts/inlined_string (0.7ms)
  Rendered /home/simplon/.rvm/gems/ruby-2.2.4/gems/web-console-2.3.0/lib/web_console/templates/_prompt_box_markup.html.erb within layouts/inlined_string (0.6ms)
  Rendered /home/simplon/.rvm/gems/ruby-2.2.4/gems/web-console-2.3.0/lib/web_console/templates/style.css.erb within layouts/inlined_string (0.3ms)
  Rendered /home/simplon/.rvm/gems/ruby-2.2.4/gems/web-console-2.3.0/lib/web_console/templates/console.js.erb within layouts/javascript (21.0ms)
  Rendered /home/simplon/.rvm/gems/ruby-2.2.4/gems/web-console-2.3.0/lib/web_console/templates/main.js.erb within layouts/javascript (0.2ms)
  Rendered /home/simplon/.rvm/gems/ruby-2.2.4/gems/web-console-2.3.0/lib/web_console/templates/error_page.js.erb within layouts/javascript (0.3ms)
  Rendered /home/simplon/.rvm/gems/ruby-2.2.4/gems/web-console-2.3.0/lib/web_console/templates/index.html.erb (35.5ms)


Started GET "/posts" for 127.0.0.1 at 2016-08-27 22:33:07 +0200
  [1m[36mActiveRecord::SchemaMigration Load (0.1ms)[0m  [1mSELECT "schema_migrations".* FROM "schema_migrations"[0m
Processing by PostsController#index as HTML
  [1m[35mPost Load (0.2ms)[0m  SELECT "posts".* FROM "posts"
  Rendered posts/index.html.erb within layouts/application (63.2ms)
Completed 200 OK in 515ms (Views: 480.7ms | ActiveRecord: 0.4ms)


Started GET "/" for 127.0.0.1 at 2016-08-27 22:33:13 +0200
Processing by Rails::WelcomeController#index as HTML
  Rendered /home/simplon/.rvm/gems/ruby-2.2.4/gems/railties-4.2.6/lib/rails/templates/rails/welcome/index.html.erb (2.4ms)
Completed 200 OK in 20ms (Views: 19.4ms | ActiveRecord: 0.0ms)


Started GET "/posts" for 127.0.0.1 at 2016-08-27 22:33:21 +0200
Processing by PostsController#index as HTML
  [1m[36mPost Load (0.3ms)[0m  [1mSELECT "posts".* FROM "posts"[0m
  Rendered posts/index.html.erb within layouts/application (1.9ms)
Completed 200 OK in 27ms (Views: 26.0ms | ActiveRecord: 0.3ms)


Started GET "/" for 127.0.0.1 at 2016-08-27 22:34:09 +0200
Processing by PostsController#index as HTML
  [1m[35mPost Load (0.4ms)[0m  SELECT "posts".* FROM "posts"
  Rendered posts/index.html.erb within layouts/application (7.1ms)
Completed 200 OK in 30ms (Views: 26.3ms | ActiveRecord: 0.7ms)
  [1m[36mActiveRecord::SchemaMigration Load (0.1ms)[0m  [1mSELECT "schema_migrations".* FROM "schema_migrations"[0m
Migrating to DeviseCreateAdminUsers (20160827203808)
  [1m[35m (0.1ms)[0m  begin transaction
  [1m[36m (0.4ms)[0m  [1mCREATE TABLE "admin_users" ("id" INTEGER PRIMARY KEY AUTOINCREMENT NOT NULL, "email" varchar DEFAULT '' NOT NULL, "encrypted_password" varchar DEFAULT '' NOT NULL, "reset_password_token" varchar, "reset_password_sent_at" datetime, "remember_created_at" datetime, "sign_in_count" integer DEFAULT 0 NOT NULL, "current_sign_in_at" datetime, "last_sign_in_at" datetime, "current_sign_in_ip" varchar, "last_sign_in_ip" varchar, "created_at" datetime NOT NULL, "updated_at" datetime NOT NULL) [0m
  [1m[35m (0.1ms)[0m  select sqlite_version(*)
  [1m[36m (0.2ms)[0m  [1mCREATE UNIQUE INDEX "index_admin_users_on_email" ON "admin_users" ("email")[0m
  [1m[35m (0.1ms)[0m              SELECT sql
            FROM sqlite_master
            WHERE name='index_admin_users_on_email' AND type='index'
            UNION ALL
            SELECT sql
            FROM sqlite_temp_master
            WHERE name='index_admin_users_on_email' AND type='index'

  [1m[36m (0.2ms)[0m  [1mCREATE UNIQUE INDEX "index_admin_users_on_reset_password_token" ON "admin_users" ("reset_password_token")[0m
  [1m[35mSQL (0.2ms)[0m  INSERT INTO "schema_migrations" ("version") VALUES (?)  [["version", "20160827203808"]]
  [1m[36m (123.6ms)[0m  [1mcommit transaction[0m
Migrating to CreateActiveAdminComments (20160827203811)
  [1m[35m (0.3ms)[0m  begin transaction
DEPRECATION WARNING: `#timestamps` was called without specifying an option for `null`. In Rails 5, this behavior will change to `null: false`. You should manually specify `null: true` to prevent the behavior of your existing migrations from changing. (called from block in up at /home/simplon/Projects/Blog/db/migrate/20160827203811_create_active_admin_comments.rb:9)
  [1m[36m (0.7ms)[0m  [1mCREATE TABLE "active_admin_comments" ("id" INTEGER PRIMARY KEY AUTOINCREMENT NOT NULL, "namespace" varchar, "body" text, "resource_id" varchar NOT NULL, "resource_type" varchar NOT NULL, "author_id" integer, "author_type" varchar, "created_at" datetime, "updated_at" datetime) [0m
  [1m[35m (0.3ms)[0m  CREATE  INDEX "index_active_admin_comments_on_namespace" ON "active_admin_comments" ("namespace")
  [1m[36m (0.3ms)[0m  [1m            SELECT sql
            FROM sqlite_master
            WHERE name='index_active_admin_comments_on_namespace' AND type='index'
            UNION ALL
            SELECT sql
            FROM sqlite_temp_master
            WHERE name='index_active_admin_comments_on_namespace' AND type='index'
[0m
  [1m[35m (0.3ms)[0m  CREATE  INDEX "index_active_admin_comments_on_author_type_and_author_id" ON "active_admin_comments" ("author_type", "author_id")
  [1m[36m (0.2ms)[0m  [1m            SELECT sql
            FROM sqlite_master
            WHERE name='index_active_admin_comments_on_author_type_and_author_id' AND type='index'
            UNION ALL
            SELECT sql
            FROM sqlite_temp_master
            WHERE name='index_active_admin_comments_on_author_type_and_author_id' AND type='index'
[0m
  [1m[35m (0.2ms)[0m              SELECT sql
            FROM sqlite_master
            WHERE name='index_active_admin_comments_on_namespace' AND type='index'
            UNION ALL
            SELECT sql
            FROM sqlite_temp_master
            WHERE name='index_active_admin_comments_on_namespace' AND type='index'

  [1m[36m (0.3ms)[0m  [1mCREATE  INDEX "index_active_admin_comments_on_resource_type_and_resource_id" ON "active_admin_comments" ("resource_type", "resource_id")[0m
  [1m[35mSQL (0.2ms)[0m  INSERT INTO "schema_migrations" ("version") VALUES (?)  [["version", "20160827203811"]]
  [1m[36m (121.7ms)[0m  [1mcommit transaction[0m
  [1m[35mActiveRecord::SchemaMigration Load (0.2ms)[0m  SELECT "schema_migrations".* FROM "schema_migrations"
  [1m[36m (0.3ms)[0m  [1m            SELECT sql
            FROM sqlite_master
            WHERE name='index_active_admin_comments_on_resource_type_and_resource_id' AND type='index'
            UNION ALL
            SELECT sql
            FROM sqlite_temp_master
            WHERE name='index_active_admin_comments_on_resource_type_and_resource_id' AND type='index'
[0m
  [1m[35m (0.2ms)[0m              SELECT sql
            FROM sqlite_master
            WHERE name='index_active_admin_comments_on_author_type_and_author_id' AND type='index'
            UNION ALL
            SELECT sql
            FROM sqlite_temp_master
            WHERE name='index_active_admin_comments_on_author_type_and_author_id' AND type='index'

  [1m[36m (0.2ms)[0m  [1m            SELECT sql
            FROM sqlite_master
            WHERE name='index_active_admin_comments_on_namespace' AND type='index'
            UNION ALL
            SELECT sql
            FROM sqlite_temp_master
            WHERE name='index_active_admin_comments_on_namespace' AND type='index'
[0m
  [1m[35m (0.2ms)[0m              SELECT sql
            FROM sqlite_master
            WHERE name='index_admin_users_on_reset_password_token' AND type='index'
            UNION ALL
            SELECT sql
            FROM sqlite_temp_master
            WHERE name='index_admin_users_on_reset_password_token' AND type='index'

  [1m[36m (0.2ms)[0m  [1m            SELECT sql
            FROM sqlite_master
            WHERE name='index_admin_users_on_email' AND type='index'
            UNION ALL
            SELECT sql
            FROM sqlite_temp_master
            WHERE name='index_admin_users_on_email' AND type='index'
[0m
  [1m[35m (0.3ms)[0m              SELECT sql
            FROM sqlite_master
            WHERE name='index_users_on_reset_password_token' AND type='index'
            UNION ALL
            SELECT sql
            FROM sqlite_temp_master
            WHERE name='index_users_on_reset_password_token' AND type='index'

  [1m[36m (0.2ms)[0m  [1m            SELECT sql
            FROM sqlite_master
            WHERE name='index_users_on_email' AND type='index'
            UNION ALL
            SELECT sql
            FROM sqlite_temp_master
            WHERE name='index_users_on_email' AND type='index'
[0m
  [1m[36mActiveRecord::SchemaMigration Load (0.1ms)[0m  [1mSELECT "schema_migrations".* FROM "schema_migrations"[0m
  [1m[35m (0.1ms)[0m  begin transaction
  [1m[36mAdminUser Exists (0.1ms)[0m  [1mSELECT  1 AS one FROM "admin_users" WHERE "admin_users"."email" = 'admin@jade.fr' LIMIT 1[0m
  [1m[35m (0.1ms)[0m  rollback transaction
  [1m[36mActiveRecord::SchemaMigration Load (0.1ms)[0m  [1mSELECT "schema_migrations".* FROM "schema_migrations"[0m
  [1m[35m (0.1ms)[0m  begin transaction
  [1m[36mAdminUser Exists (0.2ms)[0m  [1mSELECT  1 AS one FROM "admin_users" WHERE "admin_users"."email" = 'admin@jade.fr' LIMIT 1[0m
  [1m[35mSQL (0.2ms)[0m  INSERT INTO "admin_users" ("email", "encrypted_password", "created_at", "updated_at") VALUES (?, ?, ?, ?)  [["email", "admin@jade.fr"], ["encrypted_password", "$2a$10$.6Sy1FYX5nW3acFynLXajOohNgldXo52isZ6dJJ18OKuG9hVL9i2G"], ["created_at", "2016-08-27 20:43:54.297648"], ["updated_at", "2016-08-27 20:43:54.297648"]]
  [1m[36m (114.2ms)[0m  [1mcommit transaction[0m


Started GET "/" for 127.0.0.1 at 2016-08-27 22:44:08 +0200
  [1m[36mActiveRecord::SchemaMigration Load (0.1ms)[0m  [1mSELECT "schema_migrations".* FROM "schema_migrations"[0m
Processing by PostsController#index as HTML
  [1m[35mPost Load (0.1ms)[0m  SELECT "posts".* FROM "posts"
  Rendered posts/index.html.erb within layouts/application (8.1ms)
Completed 200 OK in 5788ms (Views: 5765.0ms | ActiveRecord: 0.4ms)


Started GET "/assets/active_admin.self-334b0ddf3a10e818169bc3282de740a0f4a6dae5c4d62e8f17c36ebe4bc5155b.css?body=1" for 127.0.0.1 at 2016-08-27 22:44:13 +0200


Started GET "/assets/jquery-ui/core.self-93be4d22eda916787802a64d8f88b52db8a9027d4ccbbc0942625324a7d12d44.js?body=1" for 127.0.0.1 at 2016-08-27 22:44:14 +0200


Started GET "/assets/jquery-ui/datepicker.self-6267be6d4d0f0e8665be3b4d6ac07f40ba23a32aff8eaa5d1bfc00f76a9eeae7.js?body=1" for 127.0.0.1 at 2016-08-27 22:44:14 +0200


Started GET "/assets/jquery-ui/widget.self-c1602241ddc51216b58391768667068867b8e15b9efc722befcd25771eda6819.js?body=1" for 127.0.0.1 at 2016-08-27 22:44:14 +0200


Started GET "/assets/jquery-ui/button.self-4d4f21ba77bbf8cc08ae65e2b6329a7a1b952b32c3ba7bffca8313e7e8c93d0c.js?body=1" for 127.0.0.1 at 2016-08-27 22:44:14 +0200


Started GET "/assets/jquery-ui/mouse.self-c513294e8da73f31f84ba3ef11e2a1180a47faea0eb2fea4a53fc26153dd21fd.js?body=1" for 127.0.0.1 at 2016-08-27 22:44:14 +0200


Started GET "/assets/jquery-ui/draggable.self-debcca3d0d5d9afe2fe91a6fd1aebdb41ca0a55f2f6017352e6c02b6d8a6e64c.js?body=1" for 127.0.0.1 at 2016-08-27 22:44:14 +0200


Started GET "/assets/jquery-ui/position.self-e693ced4ecfa1a276f0b794f32c1d30d792764b08788bf68ecfa3b388c291333.js?body=1" for 127.0.0.1 at 2016-08-27 22:44:14 +0200


Started GET "/assets/jquery-ui/resizable.self-60b870565f3cd62982c1907828119bb51f42ec8228d5e23868153edc3abc685c.js?body=1" for 127.0.0.1 at 2016-08-27 22:44:14 +0200


Started GET "/assets/jquery-ui/sortable.self-df2d80a36f9dfbe0facc596ccd92af83ca50d38e4cd6a84810aaf5d40b8cd181.js?body=1" for 127.0.0.1 at 2016-08-27 22:44:14 +0200


Started GET "/assets/active_admin/jquery_ui.self-01ba4719c80b6fe911b091a7c05124b64eeece964e09c058ef8f9805daca546b.js?body=1" for 127.0.0.1 at 2016-08-27 22:44:14 +0200


Started GET "/assets/jquery-ui/tabs.self-dc07b44bf1b926c8d28ccd2658e30933881e5329348caf70cf305c3943f6bbd7.js?body=1" for 127.0.0.1 at 2016-08-27 22:44:14 +0200


Started GET "/assets/jquery-ui/dialog.self-5a6c7980dfa3f6b74445b0f4b20eed799ee65363163500ed7f032e603d6b022d.js?body=1" for 127.0.0.1 at 2016-08-27 22:44:14 +0200


Started GET "/assets/active_admin/base.self-ab2cb3098b53fe7d229937d768d701e8f4013f2a5aea7988d8f2149fa40426db.js?body=1" for 127.0.0.1 at 2016-08-27 22:44:14 +0200


Started GET "/assets/active_admin/lib/batch_actions.self-fbed82dc1e31cf860056cce6c02f5bc5831ad5343d68ac3ab17471c9e05e9195.js?body=1" for 127.0.0.1 at 2016-08-27 22:44:14 +0200


Started GET "/assets/active_admin/lib/checkbox-toggler.self-ffdc88fc1b3b6bcfac3e314f191fc486175ab5a4b5daab87af6bd208cb483bd8.js?body=1" for 127.0.0.1 at 2016-08-27 22:44:14 +0200


Started GET "/assets/active_admin/lib/flash.self-8f05a5d9328ea28fca100b057787fbfb567986513c5f1735ea48fad8f9571c10.js?body=1" for 127.0.0.1 at 2016-08-27 22:44:14 +0200


Started GET "/assets/active_admin/lib/dropdown-menu.self-8ccb356121a1c40094bb429d6cfac85d9c8ad114fb93730892d9df9986730a0a.js?body=1" for 127.0.0.1 at 2016-08-27 22:44:14 +0200


Started GET "/assets/active_admin/lib/has_many.self-ece319debdc01ca5096ae8ac6c130ffc0decab382543b4b94e18591375d3d3bb.js?body=1" for 127.0.0.1 at 2016-08-27 22:44:14 +0200


Started GET "/assets/active_admin/lib/modal_dialog.self-0e86d9de4b99cb242de337a342f957f4872f686afc40f31f32d855672b1cd878.js?body=1" for 127.0.0.1 at 2016-08-27 22:44:14 +0200


Started GET "/assets/active_admin/lib/per_page.self-d7697643296439a8f6aadbf22a229d8ce9b4e8e530ca854164398141006bcfda.js?body=1" for 127.0.0.1 at 2016-08-27 22:44:14 +0200


Started GET "/assets/active_admin/lib/table-checkbox-toggler.self-f5200d732ec9ffd4ee8fd1fe11524ad7b54a67f6c0ef447a29d119ece2dcecdb.js?body=1" for 127.0.0.1 at 2016-08-27 22:44:14 +0200


Started GET "/assets/active_admin/ext/jquery-ui.self-f96f2ec2a32c4bc4da4292cc74bddeca0bb223d81a421c98c4d613632860945e.js?body=1" for 127.0.0.1 at 2016-08-27 22:44:14 +0200


Started GET "/assets/active_admin/ext/jquery.self-da8dafbbe883092bcae73f35a8caf4ae6170fe7d8130ae7039a233f9b509c757.js?body=1" for 127.0.0.1 at 2016-08-27 22:44:14 +0200


Started GET "/assets/active_admin/initializers/batch_actions.self-f5c360e8640b40f00640f6e5c7cfe0addeb244ed72e1a9828c52919515d23cf1.js?body=1" for 127.0.0.1 at 2016-08-27 22:44:14 +0200


Started GET "/assets/active_admin/initializers/datepicker.self-f8ac66c85afd35ee1555c09a2418efc7a7930e1f6dd783461379c2bb2184f80e.js?body=1" for 127.0.0.1 at 2016-08-27 22:44:14 +0200


Started GET "/assets/active_admin/initializers/filters.self-32bfae855dd5b3ae411a41daa2081625c6f9500958554e31a2decc297f13398b.js?body=1" for 127.0.0.1 at 2016-08-27 22:44:14 +0200


Started GET "/assets/active_admin/initializers/tabs.self-65de8b1688d4f8782c04bf07ba6314d3c8b33b9391a482a07214ac4df99dd904.js?body=1" for 127.0.0.1 at 2016-08-27 22:44:15 +0200


Started GET "/assets/active_admin.self-877aef30ae1b040ab8a3aba4e3e309a11d7f2612f44dde450b5c157aa5f95c05.js?body=1" for 127.0.0.1 at 2016-08-27 22:44:15 +0200


Started GET "/admin" for 127.0.0.1 at 2016-08-27 22:44:24 +0200
Processing by Admin::DashboardController#index as HTML
Completed 401 Unauthorized in 8ms (ActiveRecord: 0.0ms)


Started GET "/admin/login" for 127.0.0.1 at 2016-08-27 22:44:25 +0200
Processing by ActiveAdmin::Devise::SessionsController#new as HTML
  Rendered /home/simplon/.rvm/gems/ruby-2.2.4/gems/activeadmin-1.0.0.pre4/app/views/active_admin/devise/shared/_links.erb (3.2ms)
  Rendered /home/simplon/.rvm/gems/ruby-2.2.4/gems/activeadmin-1.0.0.pre4/app/views/active_admin/devise/sessions/new.html.erb within layouts/active_admin_logged_out (274.3ms)
Completed 200 OK in 506ms (Views: 461.6ms | ActiveRecord: 0.7ms)


Started GET "/assets/active_admin/print.self-c23e4ffc3586d8f4394631daacc9bb8d0607a9267807517b957f34211f525962.css?body=1" for 127.0.0.1 at 2016-08-27 22:44:25 +0200


Started POST "/admin/login" for 127.0.0.1 at 2016-08-27 22:44:34 +0200
Processing by ActiveAdmin::Devise::SessionsController#create as HTML
  Parameters: {"utf8"=>"✓", "authenticity_token"=>"f1RRDbPZi62pV4Av53VNwzYTjtIFn+DWzc0kJNfbPgskoq/orskoBB+PY4Rl3iYuErqUIQRT0DSl0UhBHD220g==", "admin_user"=>{"email"=>"admin@jade.fr", "password"=>"[FILTERED]", "remember_me"=>"0"}, "commit"=>"Login"}
  [1m[36mAdminUser Load (0.6ms)[0m  [1mSELECT  "admin_users".* FROM "admin_users" WHERE "admin_users"."email" = ?  ORDER BY "admin_users"."id" ASC LIMIT 1[0m  [["email", "admin@jade.fr"]]
  [1m[35m (0.1ms)[0m  begin transaction
  [1m[36mSQL (0.2ms)[0m  [1mUPDATE "admin_users" SET "last_sign_in_at" = ?, "current_sign_in_at" = ?, "last_sign_in_ip" = ?, "current_sign_in_ip" = ?, "sign_in_count" = ?, "updated_at" = ? WHERE "admin_users"."id" = ?[0m  [["last_sign_in_at", "2016-08-27 20:44:34.775289"], ["current_sign_in_at", "2016-08-27 20:44:34.775289"], ["last_sign_in_ip", "127.0.0.1"], ["current_sign_in_ip", "127.0.0.1"], ["sign_in_count", 1], ["updated_at", "2016-08-27 20:44:34.777089"], ["id", 1]]
  [1m[35m (89.8ms)[0m  commit transaction
Redirected to http://localhost:3000/admin
Completed 302 Found in 448ms (ActiveRecord: 90.7ms)


Started GET "/admin" for 127.0.0.1 at 2016-08-27 22:44:34 +0200
Processing by Admin::DashboardController#index as HTML
  [1m[36mAdminUser Load (0.9ms)[0m  [1mSELECT  "admin_users".* FROM "admin_users" WHERE "admin_users"."id" = ?  ORDER BY "admin_users"."id" ASC LIMIT 1[0m  [["id", 1]]
  Rendered /home/simplon/.rvm/gems/ruby-2.2.4/gems/activeadmin-1.0.0.pre4/app/views/active_admin/page/index.html.arb (99.3ms)
Completed 200 OK in 112ms (Views: 103.7ms | ActiveRecord: 0.9ms)


Started GET "/admin/comments" for 127.0.0.1 at 2016-08-27 22:44:40 +0200
Processing by Admin::CommentsController#index as HTML
  [1m[35mAdminUser Load (0.1ms)[0m  SELECT  "admin_users".* FROM "admin_users" WHERE "admin_users"."id" = ?  ORDER BY "admin_users"."id" ASC LIMIT 1  [["id", 1]]
  [1m[36m (0.2ms)[0m  [1mSELECT COUNT(*) FROM "active_admin_comments" WHERE "active_admin_comments"."namespace" = ?[0m  [["namespace", "admin"]]
  [1m[35m (0.2ms)[0m  SELECT COUNT(count_column) FROM (SELECT  1 AS count_column FROM "active_admin_comments" WHERE "active_admin_comments"."namespace" = ? LIMIT 30 OFFSET 0) subquery_for_count  [["namespace", "admin"]]
  [1m[36m (0.1ms)[0m  [1mSELECT DISTINCT "active_admin_comments"."resource_type" FROM "active_admin_comments"  ORDER BY resource_type asc[0m
  [1m[35m (0.5ms)[0m  SELECT DISTINCT "active_admin_comments"."author_type" FROM "active_admin_comments"  ORDER BY author_type asc
  Rendered /home/simplon/.rvm/gems/ruby-2.2.4/gems/activeadmin-1.0.0.pre4/app/views/active_admin/resource/index.html.arb (163.8ms)
Completed 200 OK in 194ms (Views: 175.2ms | ActiveRecord: 1.8ms)


Started GET "/assets/active_admin/datepicker/datepicker-input-icon-d9c2bb73769af777c8a71720d29741f3a499aebd5a043e9a119bd0d9597aed47.png" for 127.0.0.1 at 2016-08-27 22:44:41 +0200


Started GET "/admin/dashboard" for 127.0.0.1 at 2016-08-27 22:44:43 +0200
Processing by Admin::DashboardController#index as HTML
  [1m[36mAdminUser Load (0.2ms)[0m  [1mSELECT  "admin_users".* FROM "admin_users" WHERE "admin_users"."id" = ?  ORDER BY "admin_users"."id" ASC LIMIT 1[0m  [["id", 1]]
  Rendered /home/simplon/.rvm/gems/ruby-2.2.4/gems/activeadmin-1.0.0.pre4/app/views/active_admin/page/index.html.arb (85.2ms)
Completed 200 OK in 97ms (Views: 90.9ms | ActiveRecord: 0.2ms)


Started GET "/" for 127.0.0.1 at 2016-08-27 22:44:53 +0200
Processing by PostsController#index as HTML
  [1m[35mPost Load (1.2ms)[0m  SELECT "posts".* FROM "posts"
  Rendered posts/index.html.erb within layouts/application (3.6ms)
Completed 200 OK in 101ms (Views: 98.1ms | ActiveRecord: 1.2ms)


Started GET "/posts/1" for 127.0.0.1 at 2016-08-27 22:49:22 +0200
Processing by PostsController#show as HTML
  Parameters: {"id"=>"1"}
  [1m[36mPost Load (0.4ms)[0m  [1mSELECT  "posts".* FROM "posts" WHERE "posts"."id" = ? LIMIT 1[0m  [["id", 1]]
  [1m[35mComment Load (0.2ms)[0m  SELECT "comments".* FROM "comments" WHERE "comments"."post_id" = ?  [["post_id", 1]]
  Rendered posts/show.html.erb within layouts/application (83.8ms)
Completed 200 OK in 174ms (Views: 154.3ms | ActiveRecord: 0.8ms)


Started GET "/posts/new" for 127.0.0.1 at 2016-08-27 22:50:18 +0200
Processing by PostsController#new as HTML
  Rendered posts/_form.html.erb (12.3ms)
  Rendered posts/new.html.erb within layouts/application (14.4ms)
Completed 200 OK in 100ms (Views: 99.5ms | ActiveRecord: 0.0ms)


Started POST "/posts" for 127.0.0.1 at 2016-08-27 22:50:24 +0200
Processing by PostsController#create as HTML
  Parameters: {"utf8"=>"✓", "authenticity_token"=>"5bvYnlMWHHF/Pv/tDfnmyHKFCLA5SIIJMfsyFWJ5J9mNUU5aVOBrrR6YQio5a+7KFZ5s+9K0QtwqxYn9L4UtZw==", "post"=>{"title"=>"2eme", "text"=>"blabla"}, "commit"=>"Create Post"}
  [1m[36m (0.1ms)[0m  [1mbegin transaction[0m
  [1m[35mSQL (0.2ms)[0m  INSERT INTO "posts" ("title", "text", "created_at", "updated_at") VALUES (?, ?, ?, ?)  [["title", "2eme"], ["text", "blabla"], ["created_at", "2016-08-27 20:50:24.540518"], ["updated_at", "2016-08-27 20:50:24.540518"]]
  [1m[36m (162.2ms)[0m  [1mcommit transaction[0m
Redirected to http://localhost:3000/posts/2
Completed 302 Found in 170ms (ActiveRecord: 162.6ms)


Started GET "/posts/2" for 127.0.0.1 at 2016-08-27 22:50:24 +0200
Processing by PostsController#show as HTML
  Parameters: {"id"=>"2"}
  [1m[35mPost Load (0.2ms)[0m  SELECT  "posts".* FROM "posts" WHERE "posts"."id" = ? LIMIT 1  [["id", 2]]
  [1m[36mComment Load (0.1ms)[0m  [1mSELECT "comments".* FROM "comments" WHERE "comments"."post_id" = ?[0m  [["post_id", 2]]
  Rendered posts/show.html.erb within layouts/application (2.9ms)
Completed 200 OK in 119ms (Views: 116.6ms | ActiveRecord: 0.4ms)
  [1m[36mActiveRecord::SchemaMigration Load (0.1ms)[0m  [1mSELECT "schema_migrations".* FROM "schema_migrations"[0m
Migrating to AddUseridToPosts (20160827205242)
  [1m[35m (0.1ms)[0m  begin transaction
  [1m[36m (0.3ms)[0m  [1mALTER TABLE "posts" ADD "user_id" integer[0m
  [1m[35m (0.1ms)[0m  select sqlite_version(*)
  [1m[36m (0.2ms)[0m  [1mCREATE  INDEX "index_posts_on_user_id" ON "posts" ("user_id")[0m
  [1m[35mSQL (0.2ms)[0m  INSERT INTO "schema_migrations" ("version") VALUES (?)  [["version", "20160827205242"]]
  [1m[36m (136.8ms)[0m  [1mcommit transaction[0m
  [1m[35mActiveRecord::SchemaMigration Load (0.4ms)[0m  SELECT "schema_migrations".* FROM "schema_migrations"
  [1m[36m (0.6ms)[0m  [1m            SELECT sql
            FROM sqlite_master
            WHERE name='index_active_admin_comments_on_resource_type_and_resource_id' AND type='index'
            UNION ALL
            SELECT sql
            FROM sqlite_temp_master
            WHERE name='index_active_admin_comments_on_resource_type_and_resource_id' AND type='index'
[0m
  [1m[35m (0.3ms)[0m              SELECT sql
            FROM sqlite_master
            WHERE name='index_active_admin_comments_on_author_type_and_author_id' AND type='index'
            UNION ALL
            SELECT sql
            FROM sqlite_temp_master
            WHERE name='index_active_admin_comments_on_author_type_and_author_id' AND type='index'

  [1m[36m (0.3ms)[0m  [1m            SELECT sql
            FROM sqlite_master
            WHERE name='index_active_admin_comments_on_namespace' AND type='index'
            UNION ALL
            SELECT sql
            FROM sqlite_temp_master
            WHERE name='index_active_admin_comments_on_namespace' AND type='index'
[0m
  [1m[35m (0.3ms)[0m              SELECT sql
            FROM sqlite_master
            WHERE name='index_admin_users_on_reset_password_token' AND type='index'
            UNION ALL
            SELECT sql
            FROM sqlite_temp_master
            WHERE name='index_admin_users_on_reset_password_token' AND type='index'

  [1m[36m (0.3ms)[0m  [1m            SELECT sql
            FROM sqlite_master
            WHERE name='index_admin_users_on_email' AND type='index'
            UNION ALL
            SELECT sql
            FROM sqlite_temp_master
            WHERE name='index_admin_users_on_email' AND type='index'
[0m
  [1m[35m (0.2ms)[0m              SELECT sql
            FROM sqlite_master
            WHERE name='index_posts_on_user_id' AND type='index'
            UNION ALL
            SELECT sql
            FROM sqlite_temp_master
            WHERE name='index_posts_on_user_id' AND type='index'

  [1m[36m (0.2ms)[0m  [1m            SELECT sql
            FROM sqlite_master
            WHERE name='index_users_on_reset_password_token' AND type='index'
            UNION ALL
            SELECT sql
            FROM sqlite_temp_master
            WHERE name='index_users_on_reset_password_token' AND type='index'
[0m
  [1m[35m (0.2ms)[0m              SELECT sql
            FROM sqlite_master
            WHERE name='index_users_on_email' AND type='index'
            UNION ALL
            SELECT sql
            FROM sqlite_temp_master
            WHERE name='index_users_on_email' AND type='index'

